{"F:\\programowanie\\zadanie\\silnia\\silnia.js": {"path":"F:\\programowanie\\zadanie\\silnia\\silnia.js","all":false,"statementMap":{"0":{"start":{"line":1,"column":0},"end":{"line":1,"column":34}},"1":{"start":{"line":2,"column":0},"end":{"line":2,"column":1}},"2":{"start":{"line":3,"column":0},"end":{"line":3,"column":32}},"3":{"start":{"line":4,"column":0},"end":{"line":4,"column":16}},"4":{"start":{"line":5,"column":0},"end":{"line":5,"column":13}},"5":{"start":{"line":6,"column":0},"end":{"line":6,"column":3}},"6":{"start":{"line":7,"column":0},"end":{"line":7,"column":0}},"7":{"start":{"line":8,"column":0},"end":{"line":8,"column":32}},"8":{"start":{"line":9,"column":0},"end":{"line":9,"column":13}},"9":{"start":{"line":10,"column":0},"end":{"line":10,"column":6}},"10":{"start":{"line":11,"column":0},"end":{"line":11,"column":35}},"11":{"start":{"line":12,"column":0},"end":{"line":12,"column":0}},"12":{"start":{"line":13,"column":0},"end":{"line":13,"column":2}},"13":{"start":{"line":14,"column":0},"end":{"line":14,"column":0}},"14":{"start":{"line":15,"column":0},"end":{"line":15,"column":0}},"15":{"start":{"line":16,"column":0},"end":{"line":16,"column":21}}},"s":{"0":1,"1":12,"2":12,"3":12,"4":1,"5":1,"6":11,"7":12,"8":6,"9":6,"10":12,"11":12,"12":12,"13":1,"14":1,"15":1},"branchMap":{"0":{"type":"branch","line":1,"loc":{"start":{"line":1,"column":12},"end":{"line":13,"column":2}},"locations":[{"start":{"line":1,"column":12},"end":{"line":13,"column":2}}]},"1":{"type":"branch","line":4,"loc":{"start":{"line":4,"column":15},"end":{"line":6,"column":3}},"locations":[{"start":{"line":4,"column":15},"end":{"line":6,"column":3}}]},"2":{"type":"branch","line":7,"loc":{"start":{"line":7,"column":-1},"end":{"line":8,"column":8}},"locations":[{"start":{"line":7,"column":-1},"end":{"line":8,"column":8}}]},"3":{"type":"branch","line":8,"loc":{"start":{"line":8,"column":7},"end":{"line":8,"column":32}},"locations":[{"start":{"line":8,"column":7},"end":{"line":8,"column":32}}]},"4":{"type":"branch","line":9,"loc":{"start":{"line":9,"column":4},"end":{"line":9,"column":11}},"locations":[{"start":{"line":9,"column":4},"end":{"line":9,"column":11}}]},"5":{"type":"branch","line":8,"loc":{"start":{"line":8,"column":3},"end":{"line":11,"column":12}},"locations":[{"start":{"line":8,"column":3},"end":{"line":11,"column":12}}]}},"b":{"0":[12],"1":[1],"2":[11],"3":[10],"4":[5],"5":[6]},"fnMap":{"0":{"name":"silnia","decl":{"start":{"line":1,"column":12},"end":{"line":13,"column":2}},"loc":{"start":{"line":1,"column":12},"end":{"line":13,"column":2}},"line":1}},"f":{"0":12}}
}
